  [1m[36m (5.7ms)[0m  [1mCREATE TABLE "schema_migrations" ("version" character varying NOT NULL) [0m
  [1m[35m (2.0ms)[0m  CREATE UNIQUE INDEX  "unique_schema_migrations" ON "schema_migrations"  ("version")
  [1m[36mActiveRecord::SchemaMigration Load (0.3ms)[0m  [1mSELECT "schema_migrations".* FROM "schema_migrations"[0m
Migrating to CreateDresses (20161015052501)
  [1m[35m (0.2ms)[0m  BEGIN
  [1m[36m (37.7ms)[0m  [1mCREATE TABLE "dresses" ("id" serial primary key, "name" character varying, "created_at" timestamp NOT NULL, "updated_at" timestamp NOT NULL) [0m
  [1m[35mSQL (0.5ms)[0m  INSERT INTO "schema_migrations" ("version") VALUES ($1)  [["version", "20161015052501"]]
  [1m[36m (1.0ms)[0m  [1mCOMMIT[0m
Migrating to CreateDressSizes (20161015071004)
  [1m[35m (15.7ms)[0m  BEGIN
  [1m[36m (21.2ms)[0m  [1mCREATE TABLE "dress_sizes" ("id" serial primary key, "dress_id" integer, "size" integer, "created_at" timestamp NOT NULL, "updated_at" timestamp NOT NULL) [0m
  [1m[35m (1.8ms)[0m  CREATE  INDEX  "index_dress_sizes_on_dress_id" ON "dress_sizes"  ("dress_id")
  [1m[36m (2.7ms)[0m  [1mALTER TABLE "dress_sizes" ADD CONSTRAINT "fk_rails_553c014286"
FOREIGN KEY ("dress_id")
  REFERENCES "dresses" ("id")
[0m
  [1m[35mSQL (0.3ms)[0m  INSERT INTO "schema_migrations" ("version") VALUES ($1)  [["version", "20161015071004"]]
  [1m[36m (1.0ms)[0m  [1mCOMMIT[0m
Migrating to CreateReservations (20161015082953)
  [1m[35m (15.8ms)[0m  BEGIN
  [1m[36m (18.6ms)[0m  [1mCREATE TABLE "reservations" ("id" serial primary key, "dress_size_id" integer, "delivery_on" date, "return_on" date, "created_at" timestamp NOT NULL, "updated_at" timestamp NOT NULL) [0m
  [1m[35m (2.1ms)[0m  CREATE  INDEX  "index_reservations_on_dress_size_id" ON "reservations"  ("dress_size_id")
  [1m[36m (1.5ms)[0m  [1mALTER TABLE "reservations" ADD CONSTRAINT "fk_rails_c12edbafd0"
FOREIGN KEY ("dress_size_id")
  REFERENCES "dress_sizes" ("id")
[0m
  [1m[35mSQL (0.2ms)[0m  INSERT INTO "schema_migrations" ("version") VALUES ($1)  [["version", "20161015082953"]]
  [1m[36m (0.9ms)[0m  [1mCOMMIT[0m
  [1m[35mActiveRecord::SchemaMigration Load (0.3ms)[0m  SELECT "schema_migrations".* FROM "schema_migrations"
  [1m[36m (2.5ms)[0m  [1mSELECT t2.oid::regclass::text AS to_table, a1.attname AS column, a2.attname AS primary_key, c.conname AS name, c.confupdtype AS on_update, c.confdeltype AS on_delete
FROM pg_constraint c
JOIN pg_class t1 ON c.conrelid = t1.oid
JOIN pg_class t2 ON c.confrelid = t2.oid
JOIN pg_attribute a1 ON a1.attnum = c.conkey[1] AND a1.attrelid = t1.oid
JOIN pg_attribute a2 ON a2.attnum = c.confkey[1] AND a2.attrelid = t2.oid
JOIN pg_namespace t3 ON c.connamespace = t3.oid
WHERE c.contype = 'f'
  AND t1.relname = 'dress_sizes'
  AND t3.nspname = ANY (current_schemas(false))
ORDER BY c.conname
[0m
  [1m[35m (1.9ms)[0m  SELECT t2.oid::regclass::text AS to_table, a1.attname AS column, a2.attname AS primary_key, c.conname AS name, c.confupdtype AS on_update, c.confdeltype AS on_delete
FROM pg_constraint c
JOIN pg_class t1 ON c.conrelid = t1.oid
JOIN pg_class t2 ON c.confrelid = t2.oid
JOIN pg_attribute a1 ON a1.attnum = c.conkey[1] AND a1.attrelid = t1.oid
JOIN pg_attribute a2 ON a2.attnum = c.confkey[1] AND a2.attrelid = t2.oid
JOIN pg_namespace t3 ON c.connamespace = t3.oid
WHERE c.contype = 'f'
  AND t1.relname = 'dresses'
  AND t3.nspname = ANY (current_schemas(false))
ORDER BY c.conname

  [1m[36m (1.8ms)[0m  [1mSELECT t2.oid::regclass::text AS to_table, a1.attname AS column, a2.attname AS primary_key, c.conname AS name, c.confupdtype AS on_update, c.confdeltype AS on_delete
FROM pg_constraint c
JOIN pg_class t1 ON c.conrelid = t1.oid
JOIN pg_class t2 ON c.confrelid = t2.oid
JOIN pg_attribute a1 ON a1.attnum = c.conkey[1] AND a1.attrelid = t1.oid
JOIN pg_attribute a2 ON a2.attnum = c.confkey[1] AND a2.attrelid = t2.oid
JOIN pg_namespace t3 ON c.connamespace = t3.oid
WHERE c.contype = 'f'
  AND t1.relname = 'reservations'
  AND t3.nspname = ANY (current_schemas(false))
ORDER BY c.conname
[0m
  [1m[36mActiveRecord::SchemaMigration Load (0.7ms)[0m  [1mSELECT "schema_migrations".* FROM "schema_migrations"[0m
  [1m[35m (0.3ms)[0m  BEGIN
  [1m[36mSQL (0.7ms)[0m  [1mINSERT INTO "dresses" ("name", "created_at", "updated_at") VALUES ($1, $2, $3) RETURNING "id"[0m  [["name", "Floral Print Dress"], ["created_at", "2016-10-17 07:00:40.534994"], ["updated_at", "2016-10-17 07:00:40.534994"]]
  [1m[35m (1.2ms)[0m  COMMIT
  [1m[36m (0.2ms)[0m  [1mBEGIN[0m
  [1m[35mSQL (0.3ms)[0m  INSERT INTO "dresses" ("name", "created_at", "updated_at") VALUES ($1, $2, $3) RETURNING "id"  [["name", "Orange Crepe Gown"], ["created_at", "2016-10-17 07:00:40.541589"], ["updated_at", "2016-10-17 07:00:40.541589"]]
  [1m[36m (1.0ms)[0m  [1mCOMMIT[0m
  [1m[35m (0.2ms)[0m  BEGIN
  [1m[36mSQL (0.3ms)[0m  [1mINSERT INTO "dresses" ("name", "created_at", "updated_at") VALUES ($1, $2, $3) RETURNING "id"[0m  [["name", "Draped Rose Gown"], ["created_at", "2016-10-17 07:00:40.544626"], ["updated_at", "2016-10-17 07:00:40.544626"]]
  [1m[35m (1.0ms)[0m  COMMIT
  [1m[36m (0.2ms)[0m  [1mBEGIN[0m
  [1m[35mSQL (0.3ms)[0m  INSERT INTO "dresses" ("name", "created_at", "updated_at") VALUES ($1, $2, $3) RETURNING "id"  [["name", "Rose Lace Dress"], ["created_at", "2016-10-17 07:00:40.547616"], ["updated_at", "2016-10-17 07:00:40.547616"]]
  [1m[36m (1.0ms)[0m  [1mCOMMIT[0m
  [1m[35m (0.2ms)[0m  BEGIN
  [1m[36mSQL (0.3ms)[0m  [1mINSERT INTO "dresses" ("name", "created_at", "updated_at") VALUES ($1, $2, $3) RETURNING "id"[0m  [["name", "Blue Silk Dress"], ["created_at", "2016-10-17 07:00:40.550586"], ["updated_at", "2016-10-17 07:00:40.550586"]]
  [1m[35m (1.0ms)[0m  COMMIT
  [1m[36m (0.3ms)[0m  [1mBEGIN[0m
  [1m[35mSQL (0.9ms)[0m  INSERT INTO "dress_sizes" ("size", "dress_id", "created_at", "updated_at") VALUES ($1, $2, $3, $4) RETURNING "id"  [["size", 1], ["dress_id", 1], ["created_at", "2016-10-17 07:00:40.580292"], ["updated_at", "2016-10-17 07:00:40.580292"]]
  [1m[36m (1.0ms)[0m  [1mCOMMIT[0m
  [1m[35m (0.2ms)[0m  BEGIN
  [1m[36mSQL (0.4ms)[0m  [1mINSERT INTO "dress_sizes" ("size", "dress_id", "created_at", "updated_at") VALUES ($1, $2, $3, $4) RETURNING "id"[0m  [["size", 2], ["dress_id", 1], ["created_at", "2016-10-17 07:00:40.584571"], ["updated_at", "2016-10-17 07:00:40.584571"]]
  [1m[35m (1.0ms)[0m  COMMIT
  [1m[36m (0.2ms)[0m  [1mBEGIN[0m
  [1m[35mSQL (0.4ms)[0m  INSERT INTO "dress_sizes" ("size", "dress_id", "created_at", "updated_at") VALUES ($1, $2, $3, $4) RETURNING "id"  [["size", 1], ["dress_id", 2], ["created_at", "2016-10-17 07:00:40.588160"], ["updated_at", "2016-10-17 07:00:40.588160"]]
  [1m[36m (2.4ms)[0m  [1mCOMMIT[0m
  [1m[35m (0.2ms)[0m  BEGIN
  [1m[36mSQL (0.4ms)[0m  [1mINSERT INTO "dress_sizes" ("size", "dress_id", "created_at", "updated_at") VALUES ($1, $2, $3, $4) RETURNING "id"[0m  [["size", 3], ["dress_id", 2], ["created_at", "2016-10-17 07:00:40.592852"], ["updated_at", "2016-10-17 07:00:40.592852"]]
  [1m[35m (1.0ms)[0m  COMMIT
  [1m[36m (0.2ms)[0m  [1mBEGIN[0m
  [1m[35mSQL (0.4ms)[0m  INSERT INTO "dress_sizes" ("size", "dress_id", "created_at", "updated_at") VALUES ($1, $2, $3, $4) RETURNING "id"  [["size", 1], ["dress_id", 3], ["created_at", "2016-10-17 07:00:40.596547"], ["updated_at", "2016-10-17 07:00:40.596547"]]
  [1m[36m (1.0ms)[0m  [1mCOMMIT[0m
  [1m[35m (0.2ms)[0m  BEGIN
  [1m[36mSQL (0.4ms)[0m  [1mINSERT INTO "dress_sizes" ("size", "dress_id", "created_at", "updated_at") VALUES ($1, $2, $3, $4) RETURNING "id"[0m  [["size", 1], ["dress_id", 4], ["created_at", "2016-10-17 07:00:40.600105"], ["updated_at", "2016-10-17 07:00:40.600105"]]
  [1m[35m (1.0ms)[0m  COMMIT
  [1m[36m (0.2ms)[0m  [1mBEGIN[0m
  [1m[35mSQL (0.3ms)[0m  INSERT INTO "dress_sizes" ("size", "dress_id", "created_at", "updated_at") VALUES ($1, $2, $3, $4) RETURNING "id"  [["size", 2], ["dress_id", 4], ["created_at", "2016-10-17 07:00:40.603498"], ["updated_at", "2016-10-17 07:00:40.603498"]]
  [1m[36m (1.0ms)[0m  [1mCOMMIT[0m
  [1m[35m (0.2ms)[0m  BEGIN
  [1m[36mSQL (0.3ms)[0m  [1mINSERT INTO "dress_sizes" ("size", "dress_id", "created_at", "updated_at") VALUES ($1, $2, $3, $4) RETURNING "id"[0m  [["size", 3], ["dress_id", 4], ["created_at", "2016-10-17 07:00:40.606801"], ["updated_at", "2016-10-17 07:00:40.606801"]]
  [1m[35m (1.0ms)[0m  COMMIT
  [1m[36m (0.2ms)[0m  [1mBEGIN[0m
  [1m[35mSQL (0.3ms)[0m  INSERT INTO "dress_sizes" ("size", "dress_id", "created_at", "updated_at") VALUES ($1, $2, $3, $4) RETURNING "id"  [["size", 2], ["dress_id", 5], ["created_at", "2016-10-17 07:00:40.610317"], ["updated_at", "2016-10-17 07:00:40.610317"]]
  [1m[36m (0.8ms)[0m  [1mCOMMIT[0m
  [1m[35m (0.2ms)[0m  BEGIN
  [1m[36mSQL (0.2ms)[0m  [1mINSERT INTO "dress_sizes" ("size", "dress_id", "created_at", "updated_at") VALUES ($1, $2, $3, $4) RETURNING "id"[0m  [["size", 4], ["dress_id", 5], ["created_at", "2016-10-17 07:00:40.613163"], ["updated_at", "2016-10-17 07:00:40.613163"]]
  [1m[35m (0.9ms)[0m  COMMIT
  [1m[36m (0.2ms)[0m  [1mBEGIN[0m
  [1m[35mSQL (0.3ms)[0m  INSERT INTO "dress_sizes" ("size", "dress_id", "created_at", "updated_at") VALUES ($1, $2, $3, $4) RETURNING "id"  [["size", 5], ["dress_id", 5], ["created_at", "2016-10-17 07:00:40.616166"], ["updated_at", "2016-10-17 07:00:40.616166"]]
  [1m[36m (0.9ms)[0m  [1mCOMMIT[0m


Started GET "/" for ::1 at 2016-10-17 12:31:06 +0530
  [1m[36mActiveRecord::SchemaMigration Load (0.7ms)[0m  [1mSELECT "schema_migrations".* FROM "schema_migrations"[0m
Processing by ReservationsController#index as HTML
  [1m[35mReservation Load (0.7ms)[0m  SELECT "reservations".* FROM "reservations"
  Rendered reservations/index.html.erb within layouts/application (4.9ms)
  Rendered layouts/_header.html.erb (1.4ms)
  Rendered layouts/_footer.html.erb (1.4ms)
Completed 200 OK in 1157ms (Views: 1141.7ms | ActiveRecord: 2.2ms)


Started GET "/assets/twitter-bootstrap-static/bootstrap.self-603f330c29af013305325569c8c75d03d688963abd8cde4fffec17b5ce417bfb.css?body=1" for ::1 at 2016-10-17 12:31:07 +0530


Started GET "/assets/application.self-99e166ce3c6db28ab655d63311730c71207931b4404dfabbf87696ee0285dee5.css?body=1" for ::1 at 2016-10-17 12:31:07 +0530


Started GET "/assets/twitter-bootstrap-static/fontawesome.self-2fe4f8a61d73606fbcb036b41f380591906a4da65a9eb5ec0a210fe6980b2ca7.css?body=1" for ::1 at 2016-10-17 12:31:07 +0530


Started GET "/assets/jquery_ujs.self-784a997f6726036b1993eb2217c9cb558e1cbb801c6da88105588c56f13b466a.js?body=1" for ::1 at 2016-10-17 12:31:07 +0530


Started GET "/assets/jquery.self-bd7ddd393353a8d2480a622e80342adf488fb6006d667e8b42e4c0073393abee.js?body=1" for ::1 at 2016-10-17 12:31:07 +0530


Started GET "/assets/twitter/bootstrap/transition.self-09ff30b1e8a93d1f7728b9855f55d9c9d8d5734c8861e0d8139994e50944572a.js?body=1" for ::1 at 2016-10-17 12:31:07 +0530


Started GET "/assets/bootstrap_and_overrides.self-2cb3834583dfbaf0a39c7139750bf963e05d79cbe811126997e013400be5d8dc.css?body=1" for ::1 at 2016-10-17 12:31:07 +0530


Started GET "/assets/twitter/bootstrap/alert.self-a29e91e8cd3ddaba9bbc466901d53ec2127e9256b9b941905d525a3a716bd1a5.js?body=1" for ::1 at 2016-10-17 12:31:07 +0530


Started GET "/assets/twitter/bootstrap/modal.self-72f95ffa1071297725a9ac91989693d56d1abf23f441a47455073b0da2857a5b.js?body=1" for ::1 at 2016-10-17 12:31:07 +0530


Started GET "/assets/twitter/bootstrap/dropdown.self-9314126777c6be5443e37ea7f7967d7914d72b3e60449ba50edc967446373059.js?body=1" for ::1 at 2016-10-17 12:31:07 +0530


Started GET "/assets/twitter/bootstrap/scrollspy.self-a155b9d4b2f978905f0326c0f6635e1134fe91c6bfbfcbad079fa24a9fef2b0e.js?body=1" for ::1 at 2016-10-17 12:31:07 +0530


Started GET "/assets/twitter/bootstrap/tab.self-122235057fbd4c6c7da377d59dc58f47b44cb1088a2e38e6ee6ce9d8ac29a26a.js?body=1" for ::1 at 2016-10-17 12:31:07 +0530


Started GET "/assets/twitter/bootstrap/tooltip.self-11cf547be953f25f511cec668f6690473fd97b2f65502e4032f4030999a3f0c3.js?body=1" for ::1 at 2016-10-17 12:31:07 +0530


Started GET "/assets/twitter/bootstrap/popover.self-77d8e3a2499c1104ef146396a68b82469ee2bdb365199b874694698d10405e9a.js?body=1" for ::1 at 2016-10-17 12:31:07 +0530


Started GET "/assets/twitter/bootstrap/button.self-a6cb16785434acb365ae426aef9f1fce05ed553cae7a965e4471c3da71509175.js?body=1" for ::1 at 2016-10-17 12:31:07 +0530


Started GET "/assets/twitter/bootstrap/collapse.self-7dc8bfbc2fbfabd2bad62c58ff8ffeaf8f20fb87c7ca6cd35f06d4dc19632587.js?body=1" for ::1 at 2016-10-17 12:31:07 +0530


Started GET "/assets/twitter/bootstrap/carousel.self-57eb8422043cf0a85b7a9dc6843916eb0a3e35b419c7798a5eb254b918997631.js?body=1" for ::1 at 2016-10-17 12:31:07 +0530


Started GET "/assets/twitter/bootstrap/affix.self-d2b642d8fbfc1d7041e2edefd66683ada567a980789dcd6f94fddda0b33408b5.js?body=1" for ::1 at 2016-10-17 12:31:07 +0530


Started GET "/assets/twitter/bootstrap.self-fbfa5ad7d9aa0afe439ec4ff3883acc4cb92b62cb67c40d674320c9aa1d4642d.js?body=1" for ::1 at 2016-10-17 12:31:07 +0530


Started GET "/assets/turbolinks.self-c5acd7a204f5f25ce7a1d8a0e4d92e28d34c9e2df2c7371cd7af88e147e4ad82.js?body=1" for ::1 at 2016-10-17 12:31:07 +0530


Started GET "/assets/bootstrap.self-fdc98dee79ee88255e10cac6caa91338165cb76cf0d263744d8d90011fc2ef8f.js?body=1" for ::1 at 2016-10-17 12:31:07 +0530


Started GET "/assets/application.self-f8806224e027f3e3f0138ea9ce99319e298dfdb323304d1f1be6eae8e8c74724.js?body=1" for ::1 at 2016-10-17 12:31:07 +0530


Started GET "/" for ::1 at 2016-10-17 12:31:11 +0530
Processing by ReservationsController#index as HTML
  [1m[36mReservation Load (0.5ms)[0m  [1mSELECT "reservations".* FROM "reservations"[0m
  Rendered reservations/index.html.erb within layouts/application (1.1ms)
  Rendered layouts/_header.html.erb (0.6ms)
  Rendered layouts/_footer.html.erb (0.4ms)
Completed 200 OK in 78ms (Views: 76.2ms | ActiveRecord: 0.5ms)


Started GET "/reservations/new" for ::1 at 2016-10-17 12:31:12 +0530
Processing by ReservationsController#new as HTML
  [1m[35mDress Load (1.0ms)[0m  SELECT  "dresses".* FROM "dresses"  ORDER BY "dresses"."id" ASC LIMIT 1
  Rendered layouts/_error_messages.html.erb (1.0ms)
  [1m[36mDress Load (0.4ms)[0m  [1mSELECT "dresses".* FROM "dresses"[0m
  [1m[35mDressSize Load (0.6ms)[0m  SELECT "dress_sizes".* FROM "dress_sizes" WHERE "dress_sizes"."dress_id" = $1  [["dress_id", 1]]
  Rendered reservations/new.html.erb within layouts/application (46.3ms)
  Rendered layouts/_header.html.erb (0.3ms)
  Rendered layouts/_footer.html.erb (0.2ms)
Completed 200 OK in 185ms (Views: 122.1ms | ActiveRecord: 8.5ms)


Started POST "/reservations" for ::1 at 2016-10-17 12:31:21 +0530
Processing by ReservationsController#create as HTML
  Parameters: {"utf8"=>"✓", "authenticity_token"=>"m+eeJxrSZC6jZZOy3a2cLD3vf6U6fQsqki5edAgJj0s2Hqw4zjoO2e35elt/2zqigmy+N1t4HhcFzPOBQmKxxg==", "dress_id"=>"1", "dress_size"=>"1", "reservation"=>{"delivery_on(1i)"=>"2016", "delivery_on(2i)"=>"10", "delivery_on(3i)"=>"17"}, "commit"=>"Create Reservation"}
  [1m[36mDressSize Load (0.3ms)[0m  [1mSELECT  "dress_sizes".* FROM "dress_sizes" WHERE "dress_sizes"."dress_id" = $1 AND "dress_sizes"."size" = $2 LIMIT 1[0m  [["dress_id", 1], ["size", 1]]
  [1m[35mReservation Load (0.3ms)[0m  SELECT "reservations".* FROM "reservations" WHERE (dress_size_id = 1)
  [1m[36m (0.4ms)[0m  [1mBEGIN[0m
  [1m[35mSQL (0.9ms)[0m  INSERT INTO "reservations" ("delivery_on", "dress_size_id", "created_at", "updated_at") VALUES ($1, $2, $3, $4) RETURNING "id"  [["delivery_on", "2016-10-17"], ["dress_size_id", 1], ["created_at", "2016-10-17 07:01:21.447714"], ["updated_at", "2016-10-17 07:01:21.447714"]]
  [1m[36mSQL (0.4ms)[0m  [1mUPDATE "reservations" SET "delivery_on" = $1, "dress_size_id" = $2, "created_at" = $3, "updated_at" = $4, "id" = $5, "return_on" = $6 WHERE "reservations"."id" = $7[0m  [["delivery_on", "2016-10-17"], ["dress_size_id", 1], ["created_at", "2016-10-17 07:01:21.447714"], ["updated_at", "2016-10-17 07:01:21.447714"], ["id", 1], ["return_on", "2016-10-20"], ["id", 1]]
  [1m[35m (2.2ms)[0m  COMMIT
Redirected to http://localhost:3000/
Completed 302 Found in 25ms (ActiveRecord: 4.5ms)


Started GET "/" for ::1 at 2016-10-17 12:31:21 +0530
Processing by ReservationsController#index as HTML
  [1m[36mReservation Load (0.4ms)[0m  [1mSELECT "reservations".* FROM "reservations"[0m
  [1m[35mDressSize Load (0.4ms)[0m  SELECT "dress_sizes".* FROM "dress_sizes" WHERE "dress_sizes"."id" IN (1)
  [1m[36mDress Load (0.3ms)[0m  [1mSELECT  "dresses".* FROM "dresses" WHERE "dresses"."id" = $1 LIMIT 1[0m  [["id", 1]]
  Rendered reservations/index.html.erb within layouts/application (6.7ms)
  Rendered layouts/_header.html.erb (0.4ms)
  Rendered layouts/_footer.html.erb (0.3ms)
Completed 200 OK in 62ms (Views: 60.6ms | ActiveRecord: 1.1ms)


Started GET "/reservations/availability" for ::1 at 2016-10-17 12:31:28 +0530
Processing by ReservationsController#availability as HTML
  [1m[35mDress Load (0.4ms)[0m  SELECT  "dresses".* FROM "dresses"  ORDER BY "dresses"."id" ASC LIMIT 1
  Rendered layouts/_error_messages.html.erb (0.1ms)
  [1m[36mDress Load (0.7ms)[0m  [1mSELECT "dresses".* FROM "dresses"[0m
  [1m[35mDressSize Load (0.4ms)[0m  SELECT "dress_sizes".* FROM "dress_sizes" WHERE "dress_sizes"."dress_id" = $1  [["dress_id", 1]]
  Rendered reservations/availability.html.erb within layouts/application (8.8ms)
  Rendered layouts/_header.html.erb (0.3ms)
  Rendered layouts/_footer.html.erb (0.3ms)
Completed 200 OK in 68ms (Views: 65.1ms | ActiveRecord: 1.4ms)


Started GET "/reservations/availability" for ::1 at 2016-10-17 12:31:37 +0530
Processing by ReservationsController#availability as HTML
  [1m[36mDress Load (0.4ms)[0m  [1mSELECT  "dresses".* FROM "dresses"  ORDER BY "dresses"."id" ASC LIMIT 1[0m
  Rendered layouts/_error_messages.html.erb (0.1ms)
  [1m[35mDress Load (0.5ms)[0m  SELECT "dresses".* FROM "dresses"
  [1m[36mDressSize Load (0.5ms)[0m  [1mSELECT "dress_sizes".* FROM "dress_sizes" WHERE "dress_sizes"."dress_id" = $1[0m  [["dress_id", 1]]
  Rendered reservations/availability.html.erb within layouts/application (7.9ms)
  Rendered layouts/_header.html.erb (0.3ms)
  Rendered layouts/_footer.html.erb (0.2ms)
Completed 200 OK in 66ms (Views: 62.2ms | ActiveRecord: 1.4ms)


Started GET "/reservations/availability" for ::1 at 2016-10-17 12:31:38 +0530
Processing by ReservationsController#availability as HTML
  [1m[35mDress Load (0.4ms)[0m  SELECT  "dresses".* FROM "dresses"  ORDER BY "dresses"."id" ASC LIMIT 1
  Rendered layouts/_error_messages.html.erb (0.1ms)
  [1m[36mDress Load (0.5ms)[0m  [1mSELECT "dresses".* FROM "dresses"[0m
  [1m[35mDressSize Load (0.5ms)[0m  SELECT "dress_sizes".* FROM "dress_sizes" WHERE "dress_sizes"."dress_id" = $1  [["dress_id", 1]]
  Rendered reservations/availability.html.erb within layouts/application (10.5ms)
  Rendered layouts/_header.html.erb (0.7ms)
  Rendered layouts/_footer.html.erb (0.5ms)
Completed 200 OK in 86ms (Views: 82.9ms | ActiveRecord: 1.4ms)


Started GET "/reservations/availability" for ::1 at 2016-10-17 12:31:38 +0530
Processing by ReservationsController#availability as HTML
  [1m[36mDress Load (0.4ms)[0m  [1mSELECT  "dresses".* FROM "dresses"  ORDER BY "dresses"."id" ASC LIMIT 1[0m
  Rendered layouts/_error_messages.html.erb (0.1ms)
  [1m[35mDress Load (0.7ms)[0m  SELECT "dresses".* FROM "dresses"
  [1m[36mDressSize Load (0.5ms)[0m  [1mSELECT "dress_sizes".* FROM "dress_sizes" WHERE "dress_sizes"."dress_id" = $1[0m  [["dress_id", 1]]
  Rendered reservations/availability.html.erb within layouts/application (7.4ms)
  Rendered layouts/_header.html.erb (0.4ms)
  Rendered layouts/_footer.html.erb (0.3ms)
Completed 200 OK in 68ms (Views: 64.7ms | ActiveRecord: 1.6ms)


Started POST "/reservations/check_availability" for ::1 at 2016-10-17 12:31:46 +0530
Processing by ReservationsController#check_availability as HTML
  Parameters: {"utf8"=>"✓", "authenticity_token"=>"3KDzZGnNuWq3BblIMEheDZPj3QMUkZhMBnZgUeU7xNRxWcF7vSXTnfmZUKGSPviDLGAckXWUjXGRlM2kr1D6WQ==", "search_type"=>"date_wise", "dress_id"=>"1", "dress_size"=>"1", "reservation"=>{"delivery_on(1i)"=>"2016", "delivery_on(2i)"=>"10", "delivery_on(3i)"=>"17"}, "monthly"=>{"delivery_on(1i)"=>"2016", "delivery_on(2i)"=>"10", "delivery_on(3i)"=>"1"}, "commit"=>"Check Availability"}
  [1m[35mDressSize Load (0.3ms)[0m  SELECT  "dress_sizes".* FROM "dress_sizes" WHERE "dress_sizes"."dress_id" = $1 AND "dress_sizes"."size" = $2 LIMIT 1  [["dress_id", 1], ["size", 1]]
  [1m[36mReservation Load (0.3ms)[0m  [1mSELECT "reservations".* FROM "reservations" WHERE (dress_size_id = 1)[0m
Redirected to http://localhost:3000/reservations/availability
Completed 302 Found in 3ms (ActiveRecord: 0.6ms)


Started GET "/reservations/availability" for ::1 at 2016-10-17 12:31:46 +0530
Processing by ReservationsController#availability as HTML
  [1m[35mDress Load (0.4ms)[0m  SELECT  "dresses".* FROM "dresses"  ORDER BY "dresses"."id" ASC LIMIT 1
  Rendered layouts/_error_messages.html.erb (0.1ms)
  [1m[36mDress Load (0.8ms)[0m  [1mSELECT "dresses".* FROM "dresses"[0m
  [1m[35mDressSize Load (0.3ms)[0m  SELECT "dress_sizes".* FROM "dress_sizes" WHERE "dress_sizes"."dress_id" = $1  [["dress_id", 1]]
  Rendered reservations/availability.html.erb within layouts/application (6.7ms)
  Rendered layouts/_header.html.erb (0.5ms)
  Rendered layouts/_footer.html.erb (0.3ms)
Completed 200 OK in 67ms (Views: 63.8ms | ActiveRecord: 1.5ms)


Started POST "/reservations/check_availability" for ::1 at 2016-10-17 12:31:54 +0530
Processing by ReservationsController#check_availability as HTML
  Parameters: {"utf8"=>"✓", "authenticity_token"=>"EqE/zK6BYCXZ9/eMZhMQru/XAlR4n7yZ3lyaqOWRYh2/WA3TemkK0pdrHmXEZbYgUFTDxhmaqaRJvjddr/pckA==", "search_type"=>"date_wise", "dress_id"=>"1", "dress_size"=>"1", "reservation"=>{"delivery_on(1i)"=>"2016", "delivery_on(2i)"=>"11", "delivery_on(3i)"=>"17"}, "monthly"=>{"delivery_on(1i)"=>"2016", "delivery_on(2i)"=>"10", "delivery_on(3i)"=>"1"}, "commit"=>"Check Availability"}
  [1m[36mDressSize Load (0.4ms)[0m  [1mSELECT  "dress_sizes".* FROM "dress_sizes" WHERE "dress_sizes"."dress_id" = $1 AND "dress_sizes"."size" = $2 LIMIT 1[0m  [["dress_id", 1], ["size", 1]]
  [1m[35mReservation Load (0.3ms)[0m  SELECT "reservations".* FROM "reservations" WHERE (dress_size_id = 1)
Redirected to http://localhost:3000/reservations/availability
Completed 302 Found in 3ms (ActiveRecord: 0.7ms)


Started GET "/reservations/availability" for ::1 at 2016-10-17 12:31:54 +0530
Processing by ReservationsController#availability as HTML
  [1m[36mDress Load (0.4ms)[0m  [1mSELECT  "dresses".* FROM "dresses"  ORDER BY "dresses"."id" ASC LIMIT 1[0m
  Rendered layouts/_error_messages.html.erb (0.1ms)
  [1m[35mDress Load (0.3ms)[0m  SELECT "dresses".* FROM "dresses"
  [1m[36mDressSize Load (0.2ms)[0m  [1mSELECT "dress_sizes".* FROM "dress_sizes" WHERE "dress_sizes"."dress_id" = $1[0m  [["dress_id", 1]]
  Rendered reservations/availability.html.erb within layouts/application (6.7ms)
  Rendered layouts/_header.html.erb (0.5ms)
  Rendered layouts/_footer.html.erb (0.3ms)
Completed 200 OK in 64ms (Views: 62.0ms | ActiveRecord: 1.0ms)


Started POST "/reservations/check_availability" for ::1 at 2016-10-17 12:32:00 +0530
Processing by ReservationsController#check_availability as HTML
  Parameters: {"utf8"=>"✓", "authenticity_token"=>"MXrw/y4yiH8BuVswh0OsAQB+GMaoIKm/JhLpq8uLctOcg8Lg+triiE8lstklNQqPv/3ZVMklvIKx8ERegeBMXg==", "search_type"=>"month_wise", "dress_id"=>"1", "dress_size"=>"1", "reservation"=>{"delivery_on(1i)"=>"2016", "delivery_on(2i)"=>"10", "delivery_on(3i)"=>"17"}, "monthly"=>{"delivery_on(1i)"=>"2016", "delivery_on(2i)"=>"10", "delivery_on(3i)"=>"1"}, "commit"=>"Check Availability"}
  [1m[35mDressSize Load (0.4ms)[0m  SELECT  "dress_sizes".* FROM "dress_sizes" WHERE "dress_sizes"."dress_id" = $1 AND "dress_sizes"."size" = $2 LIMIT 1  [["dress_id", 1], ["size", 1]]
  [1m[36mReservation Load (0.3ms)[0m  [1mSELECT "reservations".* FROM "reservations" WHERE (dress_size_id = 1)[0m
  [1m[35mCACHE (0.0ms)[0m  SELECT "reservations".* FROM "reservations" WHERE (dress_size_id = 1)
  [1m[36mCACHE (0.0ms)[0m  [1mSELECT "reservations".* FROM "reservations" WHERE (dress_size_id = 1)[0m
  [1m[35mCACHE (0.0ms)[0m  SELECT "reservations".* FROM "reservations" WHERE (dress_size_id = 1)
  [1m[36mCACHE (0.0ms)[0m  [1mSELECT "reservations".* FROM "reservations" WHERE (dress_size_id = 1)[0m
  [1m[35mCACHE (0.0ms)[0m  SELECT "reservations".* FROM "reservations" WHERE (dress_size_id = 1)
  [1m[36mCACHE (0.0ms)[0m  [1mSELECT "reservations".* FROM "reservations" WHERE (dress_size_id = 1)[0m
  [1m[35mCACHE (0.0ms)[0m  SELECT "reservations".* FROM "reservations" WHERE (dress_size_id = 1)
  [1m[36mCACHE (0.0ms)[0m  [1mSELECT "reservations".* FROM "reservations" WHERE (dress_size_id = 1)[0m
  [1m[35mCACHE (0.0ms)[0m  SELECT "reservations".* FROM "reservations" WHERE (dress_size_id = 1)
  [1m[36mCACHE (0.0ms)[0m  [1mSELECT "reservations".* FROM "reservations" WHERE (dress_size_id = 1)[0m
  [1m[35mCACHE (0.0ms)[0m  SELECT "reservations".* FROM "reservations" WHERE (dress_size_id = 1)
  [1m[36mCACHE (0.0ms)[0m  [1mSELECT "reservations".* FROM "reservations" WHERE (dress_size_id = 1)[0m
  [1m[35mCACHE (0.0ms)[0m  SELECT "reservations".* FROM "reservations" WHERE (dress_size_id = 1)
  [1m[36mCACHE (0.0ms)[0m  [1mSELECT "reservations".* FROM "reservations" WHERE (dress_size_id = 1)[0m
  [1m[35mCACHE (0.0ms)[0m  SELECT "reservations".* FROM "reservations" WHERE (dress_size_id = 1)
  [1m[36mCACHE (0.0ms)[0m  [1mSELECT "reservations".* FROM "reservations" WHERE (dress_size_id = 1)[0m
  [1m[35mCACHE (0.0ms)[0m  SELECT "reservations".* FROM "reservations" WHERE (dress_size_id = 1)
  [1m[36mCACHE (0.0ms)[0m  [1mSELECT "reservations".* FROM "reservations" WHERE (dress_size_id = 1)[0m
  [1m[35mCACHE (0.0ms)[0m  SELECT "reservations".* FROM "reservations" WHERE (dress_size_id = 1)
  [1m[36mCACHE (0.0ms)[0m  [1mSELECT "reservations".* FROM "reservations" WHERE (dress_size_id = 1)[0m
  [1m[35mCACHE (0.0ms)[0m  SELECT "reservations".* FROM "reservations" WHERE (dress_size_id = 1)
  [1m[36mCACHE (0.0ms)[0m  [1mSELECT "reservations".* FROM "reservations" WHERE (dress_size_id = 1)[0m
  [1m[35mCACHE (0.0ms)[0m  SELECT "reservations".* FROM "reservations" WHERE (dress_size_id = 1)
  [1m[36mCACHE (0.0ms)[0m  [1mSELECT "reservations".* FROM "reservations" WHERE (dress_size_id = 1)[0m
  [1m[35mCACHE (0.0ms)[0m  SELECT "reservations".* FROM "reservations" WHERE (dress_size_id = 1)
  [1m[36mCACHE (0.0ms)[0m  [1mSELECT "reservations".* FROM "reservations" WHERE (dress_size_id = 1)[0m
  [1m[35mCACHE (0.0ms)[0m  SELECT "reservations".* FROM "reservations" WHERE (dress_size_id = 1)
  [1m[36mCACHE (0.0ms)[0m  [1mSELECT "reservations".* FROM "reservations" WHERE (dress_size_id = 1)[0m
  [1m[35mCACHE (0.0ms)[0m  SELECT "reservations".* FROM "reservations" WHERE (dress_size_id = 1)
  [1m[36mCACHE (0.0ms)[0m  [1mSELECT "reservations".* FROM "reservations" WHERE (dress_size_id = 1)[0m
  Rendered reservations/check_availability.html.erb within layouts/application (0.9ms)
  Rendered layouts/_header.html.erb (0.3ms)
  Rendered layouts/_footer.html.erb (0.2ms)
Completed 200 OK in 77ms (Views: 65.7ms | ActiveRecord: 1.0ms)


Started GET "/" for ::1 at 2016-10-17 12:32:15 +0530
Processing by ReservationsController#index as HTML
  [1m[35mReservation Load (0.4ms)[0m  SELECT "reservations".* FROM "reservations"
  [1m[36mDressSize Load (0.3ms)[0m  [1mSELECT "dress_sizes".* FROM "dress_sizes" WHERE "dress_sizes"."id" IN (1)[0m
  [1m[35mDress Load (0.2ms)[0m  SELECT  "dresses".* FROM "dresses" WHERE "dresses"."id" = $1 LIMIT 1  [["id", 1]]
  Rendered reservations/index.html.erb within layouts/application (3.0ms)
  Rendered layouts/_header.html.erb (0.3ms)
  Rendered layouts/_footer.html.erb (0.2ms)
Completed 200 OK in 52ms (Views: 50.7ms | ActiveRecord: 0.9ms)
